2016-11-28 10:22:21,936 [INFO] from play.api.libs.concurrent.ActorSystemProvider in pool-4-thread-5 - Starting application default Akka system: application
2016-11-28 10:22:22,029 [INFO] from play.core.server.NettyServer$ in pool-4-thread-5 - Listening for HTTP on /0:0:0:0:0:0:0:0:9000
2016-11-28 10:22:31,286 [WARN] from application in ForkJoinPool-1-worker-1 - Logger configuration in conf files is deprecated and has no effect. Use a logback configuration file instead.
2016-11-28 10:22:31,764 [INFO] from play.api.libs.concurrent.ActorSystemProvider in ForkJoinPool-1-worker-1 - Starting application default Akka system: application
2016-11-28 10:22:31,871 [WARN] from application in ForkJoinPool-1-worker-1 - application.langs is deprecated, use play.i18n.langs instead
2016-11-28 10:22:31,954 [INFO] from application in ForkJoinPool-1-worker-1 - ReactiveMongoApi starting...
2016-11-28 10:22:32,026 [INFO] from application in ForkJoinPool-1-worker-1 - ReactiveMongoApi successfully started with DB 'reactivemongo-demo-app'! Servers:
		[localhost:27017]
2016-11-28 10:22:32,181 [INFO] from play.api.Play$ in ForkJoinPool-1-worker-1 - Application started (Dev)
2016-11-28 10:22:32,425 [INFO] from application in application-akka.actor.default-dispatcher-4 - Checked index, result is Success(true)
2016-11-28 10:22:32,665 [INFO] from application in application-akka.actor.default-dispatcher-2 - Checked index, result is Success(true)
2016-11-28 10:24:26,880 [INFO] from application in ForkJoinPool-4-worker-11 - ReactiveMongoApi stopping...
2016-11-28 10:24:26,905 [INFO] from application in ForkJoinPool-4-worker-1 - ReactiveMongoApi connections stopped. [Success(Closed)]
2016-11-28 10:24:26,912 [WARN] from reactivemongo.core.actors.MongoDBSystem in reactivemongo-akka.actor.default-dispatcher-4 - MongoDBSystem Actor[akka://reactivemongo/user/Connection-2#1113713430] stopped.
2016-11-28 10:24:26,931 [INFO] from play.api.libs.concurrent.ActorSystemProvider in ForkJoinPool-4-worker-11 - Shutdown application default Akka system: application
2016-11-28 10:24:26,952 [WARN] from application in application-akka.actor.default-dispatcher-4 - Logger configuration in conf files is deprecated and has no effect. Use a logback configuration file instead.
2016-11-28 10:24:26,986 [INFO] from play.api.libs.concurrent.ActorSystemProvider in application-akka.actor.default-dispatcher-4 - Starting application default Akka system: application
2016-11-28 10:24:27,018 [WARN] from application in application-akka.actor.default-dispatcher-4 - application.langs is deprecated, use play.i18n.langs instead
2016-11-28 10:24:27,027 [INFO] from application in application-akka.actor.default-dispatcher-4 - ReactiveMongoApi starting...
2016-11-28 10:24:27,036 [INFO] from application in application-akka.actor.default-dispatcher-4 - ReactiveMongoApi successfully started with DB 'reactivemongo-demo-app'! Servers:
		[localhost:27017]
2016-11-28 10:24:27,040 [INFO] from play.api.Play$ in application-akka.actor.default-dispatcher-4 - Application started (Dev)
2016-11-28 10:24:27,561 [INFO] from application in application-akka.actor.default-dispatcher-9 - Checked index, result is Success(true)
2016-11-28 10:24:27,563 [INFO] from application in application-akka.actor.default-dispatcher-8 - Checked index, result is Success(true)
2016-11-28 13:35:55,890 [INFO] from application in ForkJoinPool-4-worker-1 - ReactiveMongoApi stopping...
2016-11-28 13:35:55,898 [INFO] from application in ForkJoinPool-4-worker-15 - ReactiveMongoApi connections stopped. [Success(Closed)]
2016-11-28 13:35:55,898 [WARN] from reactivemongo.core.actors.MongoDBSystem in reactivemongo-akka.actor.default-dispatcher-2 - MongoDBSystem Actor[akka://reactivemongo/user/Connection-5#1393533610] stopped.
2016-11-28 13:35:55,903 [INFO] from play.api.libs.concurrent.ActorSystemProvider in ForkJoinPool-4-worker-1 - Shutdown application default Akka system: application
